Compiling *.c *cpp files
/usr/bin/ld: /tmp/ccQtOkvT.o: in function `__static_initialization_and_destruction_0()':
tlmProyecto2.cpp:(.text+0x2220c): undefined reference to `sc_core::sc_api_version_2_3_4_cxx201703L<&sc_core::SC_DISABLE_VIRTUAL_BIND_UNDEFINED_>::sc_api_version_2_3_4_cxx201703L(sc_core::sc_writer_policy, bool)'
collect2: error: ld returned 1 exit status
Simulation Started
Simulation Ended
Compiling *.c *cpp files
/usr/bin/ld: /tmp/ccBah9Gp.o: in function `__static_initialization_and_destruction_0()':
tlmProyecto2.cpp:(.text+0x2220c): undefined reference to `sc_core::sc_api_version_2_3_4_cxx201703L<&sc_core::SC_DISABLE_VIRTUAL_BIND_UNDEFINED_>::sc_api_version_2_3_4_cxx201703L(sc_core::sc_writer_policy, bool)'
collect2: error: ld returned 1 exit status
Simulation Started
Simulation Ended
Compiling *.c *cpp files
/usr/bin/ld: /tmp/ccWAwZ98.o: in function `__static_initialization_and_destruction_0()':
tlmProyecto2.cpp:(.text+0x2220c): undefined reference to `sc_core::sc_api_version_2_3_4_cxx201703L<&sc_core::SC_DISABLE_VIRTUAL_BIND_UNDEFINED_>::sc_api_version_2_3_4_cxx201703L(sc_core::sc_writer_policy, bool)'
collect2: error: ld returned 1 exit status
Simulation Started
Simulation Ended
Compiling *.c *cpp files
/usr/bin/ld: /tmp/cc5N0FsR.o: in function `__static_initialization_and_destruction_0()':
tlmProyecto2.cpp:(.text+0x2220c): undefined reference to `sc_core::sc_api_version_2_3_4_cxx201703L<&sc_core::SC_DISABLE_VIRTUAL_BIND_UNDEFINED_>::sc_api_version_2_3_4_cxx201703L(sc_core::sc_writer_policy, bool)'
collect2: error: ld returned 1 exit status
Simulation Started
Simulation Ended
