#-----------------------------------------------------------
# Vivado v2019.1 (64-bit)
# SW Build 2552052 on Fri May 24 14:47:09 MDT 2019
# IP Build 2548770 on Fri May 24 18:01:18 MDT 2019
# Start of session at: Mon Aug 12 03:26:37 2024
# Process ID: 200953
# Current directory: /home/jpv/Msc/DisAltNiv/Proyectos/Proyecto5/vivado_interpolation/PR5_Interpolation/PR5_Interpolation/solution1/.autopilot/db/ip_tmp
# Command line: vivado  -notrace -mode batch -source run_vivado_gen_ip.tcl
# Log file: /home/jpv/Msc/DisAltNiv/Proyectos/Proyecto5/vivado_interpolation/PR5_Interpolation/PR5_Interpolation/solution1/.autopilot/db/ip_tmp/vivado.log
# Journal file: /home/jpv/Msc/DisAltNiv/Proyectos/Proyecto5/vivado_interpolation/PR5_Interpolation/PR5_Interpolation/solution1/.autopilot/db/ip_tmp/vivado.jou
#-----------------------------------------------------------
source run_vivado_gen_ip.tcl -notrace
INFO: [IP_Flow 19-234] Refreshing IP repositories
INFO: [IP_Flow 19-1704] No user IP repositories specified
INFO: [IP_Flow 19-2313] Loaded Vivado IP repository '/home/jpv/Msc/DisAltNiv/xilinx/vivado/Vivado/2019.1/data/ip'.
WARNING: [IP_Flow 19-4832] The IP name 'interpolate_image_ap_fmul_1_max_dsp_32' you have specified is long. The Windows operating system has path length limitations. It is recommended you use shorter names to reduce the likelihood of issues.
INFO: [IP_Flow 19-1686] Generating 'Synthesis' target for IP 'interpolate_image_ap_fmul_1_max_dsp_32'...
INFO: [IP_Flow 19-1686] Generating 'Simulation' target for IP 'interpolate_image_ap_fmul_1_max_dsp_32'...
WARNING: [IP_Flow 19-4832] The IP name 'interpolate_image_ap_sitofp_2_no_dsp_32' you have specified is long. The Windows operating system has path length limitations. It is recommended you use shorter names to reduce the likelihood of issues.
INFO: [IP_Flow 19-1686] Generating 'Synthesis' target for IP 'interpolate_image_ap_sitofp_2_no_dsp_32'...
INFO: [IP_Flow 19-1686] Generating 'Simulation' target for IP 'interpolate_image_ap_sitofp_2_no_dsp_32'...
WARNING: [IP_Flow 19-4832] The IP name 'interpolate_image_ap_faddfsub_2_full_dsp_32' you have specified is long. The Windows operating system has path length limitations. It is recommended you use shorter names to reduce the likelihood of issues.
INFO: [IP_Flow 19-1686] Generating 'Synthesis' target for IP 'interpolate_image_ap_faddfsub_2_full_dsp_32'...
INFO: [IP_Flow 19-1686] Generating 'Simulation' target for IP 'interpolate_image_ap_faddfsub_2_full_dsp_32'...
WARNING: [IP_Flow 19-4832] The IP name 'interpolate_image_ap_fsub_2_full_dsp_32' you have specified is long. The Windows operating system has path length limitations. It is recommended you use shorter names to reduce the likelihood of issues.
INFO: [IP_Flow 19-1686] Generating 'Synthesis' target for IP 'interpolate_image_ap_fsub_2_full_dsp_32'...
INFO: [IP_Flow 19-1686] Generating 'Simulation' target for IP 'interpolate_image_ap_fsub_2_full_dsp_32'...
INFO: [Common 17-206] Exiting Vivado at Mon Aug 12 03:26:53 2024...
