

================================================================
== Vivado HLS Report for 'top'
================================================================
* Date:           Tue Aug 13 01:16:59 2024

* Version:        2019.1 (Build 2552052 on Fri May 24 15:28:33 MDT 2019)
* Project:        Calc_distance
* Solution:       solution1
* Product family: virtex7
* Target device:  xc7vx485t-ffg1157-1


================================================================
== Performance Estimates
================================================================
+ Timing (ns): 
    * Summary: 
    +--------+-------+----------+------------+
    |  Clock | Target| Estimated| Uncertainty|
    +--------+-------+----------+------------+
    |ap_clk  |  10.00|     8.418|        1.25|
    +--------+-------+----------+------------+

+ Latency (clock cycles): 
    * Summary: 
    +-----+-----+-----+-----+---------+
    |  Latency  |  Interval | Pipeline|
    | min | max | min | max |   Type  |
    +-----+-----+-----+-----+---------+
    |   15|   15|   15|   15|   none  |
    +-----+-----+-----+-----+---------+

    + Detail: 
        * Instance: 
        N/A

        * Loop: 
        N/A



================================================================
== Utilization Estimates
================================================================
* Summary: 
+-----------------+---------+-------+--------+--------+-----+
|       Name      | BRAM_18K| DSP48E|   FF   |   LUT  | URAM|
+-----------------+---------+-------+--------+--------+-----+
|DSP              |        -|      -|       -|       -|    -|
|Expression       |        -|      -|       0|    1229|    -|
|FIFO             |        -|      -|       -|       -|    -|
|Instance         |        -|     11|     559|     618|    -|
|Memory           |        -|      -|       -|       -|    -|
|Multiplexer      |        -|      -|       -|     115|    -|
|Register         |        -|      -|     209|       -|    -|
+-----------------+---------+-------+--------+--------+-----+
|Total            |        0|     11|     768|    1962|    0|
+-----------------+---------+-------+--------+--------+-----+
|Available        |     2060|   2800|  607200|  303600|    0|
+-----------------+---------+-------+--------+--------+-----+
|Utilization (%)  |        0|   ~0  |   ~0   |   ~0   |    0|
+-----------------+---------+-------+--------+--------+-----+

+ Detail: 
    * Instance: 
    +--------------------------------------+-----------------------------------+---------+-------+-----+-----+-----+
    |               Instance               |               Module              | BRAM_18K| DSP48E|  FF | LUT | URAM|
    +--------------------------------------+-----------------------------------+---------+-------+-----+-----+-----+
    |top_dmul_64ns_64ns_64_5_max_dsp_1_U1  |top_dmul_64ns_64ns_64_5_max_dsp_1  |        0|     11|  299|  203|    0|
    |top_sitodp_32ns_64_4_1_U2             |top_sitodp_32ns_64_4_1             |        0|      0|  260|  415|    0|
    +--------------------------------------+-----------------------------------+---------+-------+-----+-----+-----+
    |Total                                 |                                   |        0|     11|  559|  618|    0|
    +--------------------------------------+-----------------------------------+---------+-------+-----+-----+-----+

    * DSP48E: 
    N/A

    * Memory: 
    N/A

    * FIFO: 
    N/A

    * Expression: 
    +-------------------------+----------+-------+---+-----+------------+------------+
    |      Variable Name      | Operation| DSP48E| FF| LUT | Bitwidth P0| Bitwidth P1|
    +-------------------------+----------+-------+---+-----+------------+------------+
    |add_ln502_fu_183_p2      |     +    |      0|  0|   19|          11|          12|
    |result_V_1_fu_269_p2     |     -    |      0|  0|   39|           1|          32|
    |sub_ln1311_fu_197_p2     |     -    |      0|  0|   18|          10|          11|
    |and_ln12_1_fu_379_p2     |    and   |      0|  0|    2|           1|           1|
    |and_ln12_2_fu_385_p2     |    and   |      0|  0|    2|           1|           1|
    |and_ln12_fu_342_p2       |    and   |      0|  0|    2|           1|           1|
    |and_ln14_1_fu_360_p2     |    and   |      0|  0|    2|           1|           1|
    |and_ln14_2_fu_366_p2     |    and   |      0|  0|    2|           1|           1|
    |and_ln14_fu_354_p2       |    and   |      0|  0|    2|           1|           1|
    |and_ln16_fu_329_p2       |    and   |      0|  0|    2|           1|           1|
    |and_ln8_fu_399_p2        |    and   |      0|  0|    2|           1|           1|
    |icmp_ln12_1_fu_304_p2    |   icmp   |      0|  0|   18|          32|           7|
    |icmp_ln12_fu_299_p2      |   icmp   |      0|  0|   18|          30|           1|
    |icmp_ln14_1_fu_314_p2    |   icmp   |      0|  0|   18|          32|           8|
    |icmp_ln14_fu_309_p2      |   icmp   |      0|  0|   18|          32|           7|
    |icmp_ln16_1_fu_324_p2    |   icmp   |      0|  0|   18|          32|           9|
    |icmp_ln16_fu_319_p2      |   icmp   |      0|  0|   18|          32|           8|
    |icmp_ln8_fu_293_p2       |   icmp   |      0|  0|   18|          32|           1|
    |r_V_fu_227_p2            |   lshr   |      0|  0|  162|          54|          54|
    |or_ln12_fu_421_p2        |    or    |      0|  0|    2|           1|           1|
    |calc_voltage             |  select  |      0|  0|   64|           1|          64|
    |dist_cm                  |  select  |      0|  0|   32|           1|          32|
    |p_Val2_5_fu_261_p3       |  select  |      0|  0|   32|           1|          32|
    |p_Val2_6_fu_275_p3       |  select  |      0|  0|   32|           1|          32|
    |select_ln12_2_fu_413_p3  |  select  |      0|  0|    3|           1|           1|
    |select_ln12_3_fu_427_p3  |  select  |      0|  0|    2|           1|           2|
    |select_ln14_1_fu_447_p3  |  select  |      0|  0|   64|           1|          64|
    |select_ln14_fu_372_p3    |  select  |      0|  0|   32|           1|          32|
    |select_ln8_1_fu_440_p3   |  select  |      0|  0|   64|           1|          64|
    |select_ln8_2_fu_405_p3   |  select  |      0|  0|    2|           1|           2|
    |select_ln8_fu_335_p3     |  select  |      0|  0|   32|           1|          32|
    |ush_fu_207_p3            |  select  |      0|  0|   12|           1|          12|
    |r_V_1_fu_233_p2          |    shl   |      0|  0|  474|         137|         137|
    |xor_ln12_fu_348_p2       |    xor   |      0|  0|    2|           2|           1|
    +-------------------------+----------+-------+---+-----+------------+------------+
    |Total                    |          |      0|  0| 1229|         458|         666|
    +-------------------------+----------+-------+---+-----+------------+------------+

    * Multiplexer: 
    +---------------+----+-----------+-----+-----------+
    |      Name     | LUT| Input Size| Bits| Total Bits|
    +---------------+----+-----------+-----+-----------+
    |ap_NS_fsm      |  85|         17|    1|         17|
    |grp_fu_125_p0  |  15|          3|   64|        192|
    |grp_fu_125_p1  |  15|          3|   64|        192|
    +---------------+----+-----------+-----+-----------+
    |Total          | 115|         23|  129|        401|
    +---------------+----+-----------+-----+-----------+

    * Register: 
    +--------------------+----+----+-----+-----------+
    |        Name        | FF | LUT| Bits| Const Bits|
    +--------------------+----+----+-----+-----------+
    |and_ln12_2_reg_495  |   1|   0|    1|          0|
    |and_ln14_2_reg_490  |   1|   0|    1|          0|
    |ap_CS_fsm           |  16|   0|   16|          0|
    |icmp_ln8_reg_485    |   1|   0|    1|          0|
    |p_Val2_6_reg_467    |  32|   0|   32|          0|
    |reg_135             |  64|   0|   64|          0|
    |tmp_2_reg_500       |  64|   0|   64|          0|
    |tmp_4_reg_480       |  30|   0|   30|          0|
    +--------------------+----+----+-----+-----------+
    |Total               | 209|   0|  209|          0|
    +--------------------+----+----+-----+-----------+



================================================================
== Interface
================================================================
* Summary: 
+---------------------+-----+-----+------------+----------------+--------------+
|      RTL Ports      | Dir | Bits|  Protocol  |  Source Object |    C Type    |
+---------------------+-----+-----+------------+----------------+--------------+
|ap_clk               |  in |    1| ap_ctrl_hs |       top      | return value |
|ap_rst               |  in |    1| ap_ctrl_hs |       top      | return value |
|ap_start             |  in |    1| ap_ctrl_hs |       top      | return value |
|ap_done              | out |    1| ap_ctrl_hs |       top      | return value |
|ap_idle              | out |    1| ap_ctrl_hs |       top      | return value |
|ap_ready             | out |    1| ap_ctrl_hs |       top      | return value |
|echo                 |  in |   32|   ap_none  |      echo      |    scalar    |
|simulated_time       |  in |   64|   ap_none  | simulated_time |    scalar    |
|dist_cm              | out |   32|   ap_vld   |     dist_cm    |    pointer   |
|dist_cm_ap_vld       | out |    1|   ap_vld   |     dist_cm    |    pointer   |
|calc_voltage         | out |   64|   ap_vld   |  calc_voltage  |    pointer   |
|calc_voltage_ap_vld  | out |    1|   ap_vld   |  calc_voltage  |    pointer   |
|sens_range           | out |   32|   ap_vld   |   sens_range   |    pointer   |
|sens_range_ap_vld    | out |    1|   ap_vld   |   sens_range   |    pointer   |
+---------------------+-----+-----+------------+----------------+--------------+

