#-----------------------------------------------------------
# Vivado v2019.1 (64-bit)
# SW Build 2552052 on Fri May 24 14:47:09 MDT 2019
# IP Build 2548770 on Fri May 24 18:01:18 MDT 2019
# Start of session at: Tue Aug 13 01:11:26 2024
# Process ID: 340279
# Current directory: /home/jpv/Msc/DisAltNiv/vivadoFiles/Example/OtherExampleForDistance/Distance/Calc_distance/solution1/sim/verilog
# Command line: vivado -source open_wave.tcl
# Log file: /home/jpv/Msc/DisAltNiv/vivadoFiles/Example/OtherExampleForDistance/Distance/Calc_distance/solution1/sim/verilog/vivado.log
# Journal file: /home/jpv/Msc/DisAltNiv/vivadoFiles/Example/OtherExampleForDistance/Distance/Calc_distance/solution1/sim/verilog/vivado.jou
#-----------------------------------------------------------
start_gui
source open_wave.tcl
# current_fileset
INFO: [IP_Flow 19-234] Refreshing IP repositories
INFO: [IP_Flow 19-1704] No user IP repositories specified
INFO: [IP_Flow 19-2313] Loaded Vivado IP repository '/home/jpv/Msc/DisAltNiv/xilinx/vivado/Vivado/2019.1/data/ip'.
# open_wave_database top.wdb
open_wave_config /home/jpv/Msc/DisAltNiv/vivadoFiles/Example/OtherExampleForDistance/Distance/Calc_distance/solution1/sim/verilog/top.wcfg
close_sim
INFO: [Simtcl 6-16] Simulation closed
exit
INFO: [Common 17-206] Exiting Vivado at Tue Aug 13 01:15:07 2024...
