INFO: [XSIM 43-3496] Using init file passed via -initfile option "/home/jpv/Msc/DisAltNiv/xilinx/vivado/Vivado/2019.1/data/xsim/ip/xsim_ip.ini".
Vivado Simulator 2019.1
Copyright 1986-1999, 2001-2019 Xilinx, Inc. All Rights Reserved.
Running: /home/jpv/Msc/DisAltNiv/xilinx/vivado/Vivado/2019.1/bin/unwrapped/lnx64.o/xelab xil_defaultlib.apatb_top_top glbl -prj top.prj -L smartconnect_v1_0 -L axi_protocol_checker_v1_1_12 -L axi_protocol_checker_v1_1_13 -L axis_protocol_checker_v1_1_11 -L axis_protocol_checker_v1_1_12 -L xil_defaultlib -L unisims -L unisims_ver -L xpm --initfile /home/jpv/Msc/DisAltNiv/xilinx/vivado/Vivado/2019.1/data/xsim/ip/xsim_ip.ini --lib ieee_proposed=./ieee_proposed -s top 
Multi-threading is on. Using 6 slave threads.
Determining compilation order of HDL files.
WARNING: [XSIM 43-3431] One or more environment variables have been detected which affect the operation of the C compiler. These are typically not set in standard installations and are not tested by Xilinx, however they may be appropriate for your system, so the flow will attempt to continue.  If errors occur, try running xelab with the "-mt off -v 1" switches to see more information from the C compiler. The following environment variables have been detected:
INFO: [VRFC 10-2263] Analyzing SystemVerilog file "/home/jpv/Msc/DisAltNiv/vivadoFiles/Example/OtherExampleForDistance/Distance/Calc_distance/solution1/sim/vhdl/glbl.v" into library work
INFO: [VRFC 10-311] analyzing module glbl
INFO: [VRFC 10-163] Analyzing VHDL file "/home/jpv/Msc/DisAltNiv/vivadoFiles/Example/OtherExampleForDistance/Distance/Calc_distance/solution1/sim/vhdl/AESL_sim_pkg.vhd" into library xil_defaultlib
INFO: [VRFC 10-163] Analyzing VHDL file "/home/jpv/Msc/DisAltNiv/vivadoFiles/Example/OtherExampleForDistance/Distance/Calc_distance/solution1/sim/vhdl/ip/xil_defaultlib/top_ap_sitodp_2_no_dsp_32.vhd" into library xil_defaultlib
INFO: [VRFC 10-3107] analyzing entity 'top_ap_sitodp_2_no_dsp_32'
INFO: [VRFC 10-163] Analyzing VHDL file "/home/jpv/Msc/DisAltNiv/vivadoFiles/Example/OtherExampleForDistance/Distance/Calc_distance/solution1/sim/vhdl/ip/xil_defaultlib/top_ap_dmul_3_max_dsp_64.vhd" into library xil_defaultlib
INFO: [VRFC 10-3107] analyzing entity 'top_ap_dmul_3_max_dsp_64'
INFO: [VRFC 10-163] Analyzing VHDL file "/home/jpv/Msc/DisAltNiv/vivadoFiles/Example/OtherExampleForDistance/Distance/Calc_distance/solution1/sim/vhdl/top_dmul_64ns_64ns_64_5_max_dsp_1.vhd" into library xil_defaultlib
INFO: [VRFC 10-3107] analyzing entity 'top_dmul_64ns_64ns_64_5_max_dsp_1'
INFO: [VRFC 10-163] Analyzing VHDL file "/home/jpv/Msc/DisAltNiv/vivadoFiles/Example/OtherExampleForDistance/Distance/Calc_distance/solution1/sim/vhdl/top_sitodp_32ns_64_4_1.vhd" into library xil_defaultlib
INFO: [VRFC 10-3107] analyzing entity 'top_sitodp_32ns_64_4_1'
INFO: [VRFC 10-163] Analyzing VHDL file "/home/jpv/Msc/DisAltNiv/vivadoFiles/Example/OtherExampleForDistance/Distance/Calc_distance/solution1/sim/vhdl/top.autotb.vhd" into library xil_defaultlib
INFO: [VRFC 10-3107] analyzing entity 'apatb_top_top'
INFO: [VRFC 10-163] Analyzing VHDL file "/home/jpv/Msc/DisAltNiv/vivadoFiles/Example/OtherExampleForDistance/Distance/Calc_distance/solution1/sim/vhdl/top.vhd" into library xil_defaultlib
INFO: [VRFC 10-3107] analyzing entity 'top'
Starting static elaboration
WARNING: [VRFC 10-3499] library name 'floating_point_v7_1_8' of instantiated unit conflicts with visible identifier [ip/xil_defaultlib/top_ap_dmul_3_max_dsp_64.vhd:201]
WARNING: [VRFC 10-3499] library name 'floating_point_v7_1_8' of instantiated unit conflicts with visible identifier [ip/xil_defaultlib/top_ap_sitodp_2_no_dsp_32.vhd:196]
Completed static elaboration
ERROR: [XSIM 43-3316] Signal SIGSEGV received.
