

================================================================
== Vivado HLS Report for 'interpolate_image'
================================================================
* Date:           Mon Aug 12 03:26:10 2024

* Version:        2019.1 (Build 2552052 on Fri May 24 15:28:33 MDT 2019)
* Project:        PR5_Interpolation
* Solution:       solution1
* Product family: virtex7
* Target device:  xc7vx485t-ffg1157-1


================================================================
== Performance Estimates
================================================================
+ Timing (ns): 
    * Summary: 
    +--------+-------+----------+------------+
    |  Clock | Target| Estimated| Uncertainty|
    +--------+-------+----------+------------+
    |ap_clk  |  10.00|     9.285|        1.25|
    +--------+-------+----------+------------+

+ Latency (clock cycles): 
    * Summary: 
    +---------+---------+---------+---------+---------+
    |      Latency      |      Interval     | Pipeline|
    |   min   |   max   |   min   |   max   |   Type  |
    +---------+---------+---------+---------+---------+
    |  2851841|  2851841|  2851841|  2851841|   none  |
    +---------+---------+---------+---------+---------+

    + Detail: 
        * Instance: 
        N/A

        * Loop: 
        +-----------------+---------+---------+----------+-----------+-----------+------+----------+
        |                 |      Latency      | Iteration|  Initiation Interval  | Trip |          |
        |    Loop Name    |   min   |   max   |  Latency |  achieved |   target  | Count| Pipelined|
        +-----------------+---------+---------+----------+-----------+-----------+------+----------+
        |- Loop 1         |  2851840|  2851840|     22280|          -|          -|   128|    no    |
        | + Loop 1.1      |    22272|    22272|        87|          -|          -|   256|    no    |
        |  ++ Loop 1.1.1  |       66|       66|        22|          -|          -|     3|    no    |
        +-----------------+---------+---------+----------+-----------+-----------+------+----------+



================================================================
== Utilization Estimates
================================================================
* Summary: 
+-----------------+---------+-------+--------+--------+-----+
|       Name      | BRAM_18K| DSP48E|   FF   |   LUT  | URAM|
+-----------------+---------+-------+--------+--------+-----+
|DSP              |        -|      -|       -|       -|    -|
|Expression       |        -|      4|       0|    1857|    -|
|FIFO             |        -|      -|       -|       -|    -|
|Instance         |        -|     10|    1046|    1382|    -|
|Memory           |        -|      -|       -|       -|    -|
|Multiplexer      |        -|      -|       -|     506|    -|
|Register         |        -|      -|     989|       -|    -|
+-----------------+---------+-------+--------+--------+-----+
|Total            |        0|     14|    2035|    3745|    0|
+-----------------+---------+-------+--------+--------+-----+
|Available        |     2060|   2800|  607200|  303600|    0|
+-----------------+---------+-------+--------+--------+-----+
|Utilization (%)  |        0|   ~0  |   ~0   |       1|    0|
+-----------------+---------+-------+--------+--------+-----+

+ Detail: 
    * Instance: 
    +---------------------------------------------------------+------------------------------------------------------+---------+-------+-----+-----+-----+
    |                         Instance                        |                        Module                        | BRAM_18K| DSP48E|  FF | LUT | URAM|
    +---------------------------------------------------------+------------------------------------------------------+---------+-------+-----+-----+-----+
    |interpolate_image_faddfsub_32ns_32ns_32_4_full_dsp_1_U1  |interpolate_image_faddfsub_32ns_32ns_32_4_full_dsp_1  |        0|      2|  227|  214|    0|
    |interpolate_image_fmul_32ns_32ns_32_3_max_dsp_1_U3       |interpolate_image_fmul_32ns_32ns_32_3_max_dsp_1       |        0|      3|  128|  138|    0|
    |interpolate_image_fmul_32ns_32ns_32_3_max_dsp_1_U4       |interpolate_image_fmul_32ns_32ns_32_3_max_dsp_1       |        0|      3|  128|  138|    0|
    |interpolate_image_fsub_32ns_32ns_32_4_full_dsp_1_U2      |interpolate_image_fsub_32ns_32ns_32_4_full_dsp_1      |        0|      2|  227|  214|    0|
    |interpolate_image_sitofp_32ns_32_4_1_U5                  |interpolate_image_sitofp_32ns_32_4_1                  |        0|      0|  168|  339|    0|
    |interpolate_image_sitofp_32s_32_4_1_U6                   |interpolate_image_sitofp_32s_32_4_1                   |        0|      0|  168|  339|    0|
    +---------------------------------------------------------+------------------------------------------------------+---------+-------+-----+-----+-----+
    |Total                                                    |                                                      |        0|     10| 1046| 1382|    0|
    +---------------------------------------------------------+------------------------------------------------------+---------+-------+-----+-----+-----+

    * DSP48E: 
    N/A

    * Memory: 
    N/A

    * FIFO: 
    N/A

    * Expression: 
    +------------------------+----------+-------+---+-----+------------+------------+
    |      Variable Name     | Operation| DSP48E| FF| LUT | Bitwidth P0| Bitwidth P1|
    +------------------------+----------+-------+---+-----+------------+------------+
    |mul_ln26_fu_597_p2      |     *    |      2|  0|   20|           9|          32|
    |mul_ln29_fu_612_p2      |     *    |      2|  0|   20|           9|          32|
    |add_ln26_1_fu_621_p2    |     +    |      0|  0|   48|          41|          41|
    |add_ln26_2_fu_657_p2    |     +    |      0|  0|   48|          41|          41|
    |add_ln26_3_fu_758_p2    |     +    |      0|  0|   27|          20|          20|
    |add_ln26_4_fu_768_p2    |     +    |      0|  0|   27|          20|          20|
    |add_ln26_fu_648_p2      |     +    |      0|  0|   39|           1|          32|
    |add_ln29_1_fu_684_p2    |     +    |      0|  0|   48|          41|          41|
    |add_ln29_2_fu_711_p2    |     +    |      0|  0|   48|          41|          41|
    |add_ln29_3_fu_778_p2    |     +    |      0|  0|   27|          20|          20|
    |add_ln29_4_fu_783_p2    |     +    |      0|  0|   27|          20|          20|
    |add_ln29_fu_603_p2      |     +    |      0|  0|   39|           1|          32|
    |add_ln31_1_fu_788_p2    |     +    |      0|  0|   25|          18|          18|
    |add_ln31_fu_309_p2      |     +    |      0|  0|   24|          17|          17|
    |add_ln339_1_fu_496_p2   |     +    |      0|  0|   16|           8|           9|
    |add_ln339_2_fu_859_p2   |     +    |      0|  0|   16|           8|           9|
    |add_ln339_fu_380_p2     |     +    |      0|  0|   16|           8|           9|
    |c_fu_744_p2             |     +    |      0|  0|   10|           2|           1|
    |x_fu_287_p2             |     +    |      0|  0|   16|           9|           1|
    |y_fu_246_p2             |     +    |      0|  0|   15|           8|           1|
    |result_V_1_fu_466_p2    |     -    |      0|  0|   39|           1|          32|
    |result_V_3_fu_581_p2    |     -    |      0|  0|   39|           1|          32|
    |sub_ln1311_1_fu_510_p2  |     -    |      0|  0|   15|           7|           8|
    |sub_ln1311_2_fu_873_p2  |     -    |      0|  0|   15|           7|           8|
    |sub_ln1311_fu_394_p2    |     -    |      0|  0|   15|           7|           8|
    |sub_ln26_1_fu_678_p2    |     -    |      0|  0|   27|          20|          20|
    |sub_ln26_fu_642_p2      |     -    |      0|  0|   27|          20|          20|
    |sub_ln29_1_fu_732_p2    |     -    |      0|  0|   27|          20|          20|
    |sub_ln29_fu_705_p2      |     -    |      0|  0|   27|          20|          20|
    |sub_ln31_fu_330_p2      |     -    |      0|  0|   25|          18|          18|
    |icmp_ln16_fu_240_p2     |   icmp   |      0|  0|   13|           8|           9|
    |icmp_ln17_fu_281_p2     |   icmp   |      0|  0|   13|           9|          10|
    |icmp_ln21_fu_738_p2     |   icmp   |      0|  0|    8|           2|           2|
    |r_V_2_fu_539_p2         |   lshr   |      0|  0|   66|          25|          25|
    |r_V_4_fu_902_p2         |   lshr   |      0|  0|   66|          25|          25|
    |r_V_fu_424_p2           |   lshr   |      0|  0|   66|          25|          25|
    |output_image_d0         |  select  |      0|  0|    8|           1|           8|
    |p_Val2_14_fu_458_p3     |  select  |      0|  0|   32|           1|          32|
    |p_Val2_15_fu_472_p3     |  select  |      0|  0|   32|           1|          32|
    |p_Val2_16_fu_573_p3     |  select  |      0|  0|   32|           1|          32|
    |p_Val2_17_fu_587_p3     |  select  |      0|  0|   32|           1|          32|
    |ush_1_fu_519_p3         |  select  |      0|  0|    9|           1|           9|
    |ush_2_fu_882_p3         |  select  |      0|  0|    9|           1|           9|
    |ush_fu_404_p3           |  select  |      0|  0|    9|           1|           9|
    |r_V_1_fu_430_p2         |    shl   |      0|  0|  243|          79|          79|
    |r_V_3_fu_545_p2         |    shl   |      0|  0|  243|          79|          79|
    |r_V_5_fu_908_p2         |    shl   |      0|  0|  164|          55|          55|
    +------------------------+----------+-------+---+-----+------------+------------+
    |Total                   |          |      4|  0| 1857|         778|        1095|
    +------------------------+----------+-------+---+-----+------------+------------+

    * Multiplexer: 
    +----------------------+-----+-----------+-----+-----------+
    |         Name         | LUT | Input Size| Bits| Total Bits|
    +----------------------+-----+-----------+-----+-----------+
    |ap_NS_fsm             |  221|         51|    1|         51|
    |c_0_reg_167           |    9|          2|    2|          4|
    |grp_fu_178_opcode     |   15|          3|    2|          6|
    |grp_fu_178_p0         |   21|          4|   32|        128|
    |grp_fu_178_p1         |   33|          6|   32|        192|
    |grp_fu_182_p0         |   15|          3|   32|         96|
    |grp_fu_182_p1         |   15|          3|   32|         96|
    |grp_fu_188_p0         |   27|          5|   32|        160|
    |grp_fu_188_p1         |   33|          6|   32|        192|
    |grp_fu_194_p0         |   15|          3|   32|         96|
    |grp_fu_198_p0         |   33|          6|   32|        192|
    |grp_fu_201_p0         |   21|          4|   32|        128|
    |input_image_address0  |   15|          3|   19|         57|
    |input_image_address1  |   15|          3|   19|         57|
    |x_0_reg_156           |    9|          2|    9|         18|
    |y_0_reg_144           |    9|          2|    8|         16|
    +----------------------+-----+-----------+-----+-----------+
    |Total                 |  506|        106|  348|       1489|
    +----------------------+-----+-----------+-----+-----------+

    * Register: 
    +---------------------+----+----+-----+-----------+
    |         Name        | FF | LUT| Bits| Const Bits|
    +---------------------+----+----+-----+-----------+
    |add_ln29_3_reg_1094  |  20|   0|   20|          0|
    |add_ln29_4_reg_1099  |  20|   0|   20|          0|
    |add_ln31_1_reg_1104  |  18|   0|   18|          0|
    |ap_CS_fsm            |  50|   0|   50|          0|
    |bottom_reg_1164      |  32|   0|   32|          0|
    |c_0_reg_167          |   2|   0|    2|          0|
    |c_reg_1079           |   2|   0|    2|          0|
    |dx_reg_1022          |  32|   0|   32|          0|
    |dy_reg_1028          |  32|   0|   32|          0|
    |mul_ln26_reg_1034    |  41|   0|   41|          0|
    |mul_ln29_reg_1040    |  41|   0|   41|          0|
    |p_Result_1_reg_974   |   1|   0|    1|          0|
    |p_Val2_15_reg_1008   |  32|   0|   32|          0|
    |p_Val2_17_reg_1015   |  32|   0|   32|          0|
    |p_Val2_5_reg_968     |  32|   0|   32|          0|
    |reg_204              |  32|   0|   32|          0|
    |reg_210              |  32|   0|   32|          0|
    |reg_215              |  32|   0|   32|          0|
    |reg_221              |   8|   0|    8|          0|
    |reg_225              |   8|   0|    8|          0|
    |reg_229              |  32|   0|   32|          0|
    |sub_ln26_1_reg_1056  |  20|   0|   20|          0|
    |sub_ln26_reg_1046    |  20|   0|   20|          0|
    |sub_ln29_1_reg_1066  |  20|   0|   20|          0|
    |sub_ln29_reg_1061    |  20|   0|   20|          0|
    |sub_ln31_reg_1003    |  18|   0|   18|          0|
    |tmp_11_reg_1144      |  32|   0|   32|          0|
    |tmp_12_reg_1154      |  32|   0|   32|          0|
    |tmp_1_reg_1149       |  32|   0|   32|          0|
    |tmp_3_reg_1139       |  32|   0|   32|          0|
    |tmp_6_reg_1051       |  32|   0|   32|          0|
    |tmp_7_reg_1071       |  32|   0|   32|          0|
    |tmp_V_2_reg_992      |   8|   0|    8|          0|
    |tmp_V_3_reg_998      |  23|   0|   23|          0|
    |tmp_V_4_reg_1169     |   8|   0|    8|          0|
    |tmp_V_5_reg_1175     |  23|   0|   23|          0|
    |top_reg_1159         |  32|   0|   32|          0|
    |x_0_reg_156          |   9|   0|    9|          0|
    |x_assign_1_reg_958   |  32|   0|   32|          0|
    |x_reg_987            |   9|   0|    9|          0|
    |y_0_reg_144          |   8|   0|    8|          0|
    |y_reg_953            |   8|   0|    8|          0|
    |zext_ln310_reg_963   |   8|   0|   17|          9|
    +---------------------+----+----+-----+-----------+
    |Total                | 989|   0|  998|          9|
    +---------------------+----+----+-----+-----------+



================================================================
== Interface
================================================================
* Summary: 
+-----------------------+-----+-----+------------+-------------------+--------------+
|       RTL Ports       | Dir | Bits|  Protocol  |   Source Object   |    C Type    |
+-----------------------+-----+-----+------------+-------------------+--------------+
|ap_clk                 |  in |    1| ap_ctrl_hs | interpolate_image | return value |
|ap_rst                 |  in |    1| ap_ctrl_hs | interpolate_image | return value |
|ap_start               |  in |    1| ap_ctrl_hs | interpolate_image | return value |
|ap_done                | out |    1| ap_ctrl_hs | interpolate_image | return value |
|ap_idle                | out |    1| ap_ctrl_hs | interpolate_image | return value |
|ap_ready               | out |    1| ap_ctrl_hs | interpolate_image | return value |
|input_image_address0   | out |   19|  ap_memory |    input_image    |     array    |
|input_image_ce0        | out |    1|  ap_memory |    input_image    |     array    |
|input_image_q0         |  in |    8|  ap_memory |    input_image    |     array    |
|input_image_address1   | out |   19|  ap_memory |    input_image    |     array    |
|input_image_ce1        | out |    1|  ap_memory |    input_image    |     array    |
|input_image_q1         |  in |    8|  ap_memory |    input_image    |     array    |
|output_image_address0  | out |   17|  ap_memory |    output_image   |     array    |
|output_image_ce0       | out |    1|  ap_memory |    output_image   |     array    |
|output_image_we0       | out |    1|  ap_memory |    output_image   |     array    |
|output_image_d0        | out |    8|  ap_memory |    output_image   |     array    |
+-----------------------+-----+-----+------------+-------------------+--------------+

