Compiling *.c *.cpp files
Simulation Started

        SystemC 2.3.2-Accellera --- May 20 2024 15:39:05
        Copyright (c) 1996-2017 by all Contributors,
        ALL RIGHTS RESERVED
Imagen cargada exitosamente:
Input Filename: jaguar.jpg
Original Width: 194
Original Height: 129
Channels: 3
@0 s Starting compression
@24896 ns Terminating simulation
Simulation Ended
8.0K	compressed_image.jpg
56K	filtered.jpg
12K	jaguar.jpg
Compiling *.c *.cpp files
Simulation Started

        SystemC 2.3.2-Accellera --- May 20 2024 15:39:05
        Copyright (c) 1996-2017 by all Contributors,
        ALL RIGHTS RESERVED
Imagen cargada exitosamente:
Input Filename: filtered.jpg
Original Width: 434
Original Height: 323
Channels: 3
@0 s Starting compression
@139909 ns Terminating simulation
Simulation Ended
28K	compressed_image.jpg
56K	filtered.jpg
12K	jaguar.jpg
